[    0.000000] nitiling cgroup subsys cpuset
[    0.000000] Initializing cgroup subsys cpu
[    0.000000] Initializing cgroup subsys cpuacct
[    0.000000] Linux version 4.4.0-134-generic (buildd@lgw01-amd64-033) (gcc version 5.4.0 20160609 (Ubuntu 5.4.0-6ubuntu1~16.04.10) ) #160-Ubuntu SMP Wed Aug 15 14:58:00 UTC 2018 (Ubuntu 4.4.0-134.160-generic 4.4.140)
[    0.000000] Command line: BOOT_IMAGE=/boot/vmlinuz-4.4.0-134-generic root=LABEL=cloudimg-rootfs ro console=tty1 console=ttyS0
[    0.000000] KERNEL supported cpus:
[    0.000000]   Intel GenuineIntel
[    0.000000]   AMD AuthenticAMD
[    0.000000]   Centaur CentaurHauls
[    0.000000] x86/fpu: xstate_offset[2]:  576, xstate_sizes[2]:  256
[    0.000000] x86/fpu: Supporting XSAVE feature 0x01: 'x87 floating point registers'
[    0.000000] x86/fpu: Supporting XSAVE feature 0x02: 'SSE registers'
[    0.000000] x86/fpu: Supporting XSAVE feature 0x04: 'AVX registers'
[    0.000000] x86/fpu: Enabled xstate features 0x7, context size is 832 bytes, using 'standard' format.
[    0.000000] e820: BIOS-provided physical RAM map:
[    0.000000] BIOS-e820: [mem 0x0000000000000000-0x000000000009fbff] usable
[    0.000000] BIOS-e820: [mem 0x000000000009fc00-0x000000000009ffff] reserved
[    0.000000] BIOS-e820: [mem 0x00000000000f0000-0x00000000000fffff] reserved
[    0.000000] BIOS-e820: [mem 0x0000000000100000-0x000000003ffeffff] usable
[    0.000000] BIOS-e820: [mem 0x000000003fff0000-0x000000003fffffff] ACPI data
[    0.000000] BIOS-e820: [mem 0x00000000fec00000-0x00000000fec00fff] reserved
[    0.000000] BIOS-e820: [mem 0x00000000fee00000-0x00000000fee00fff] reserved
[    0.000000] BIOS-e820: [mem 0x00000000fffc0000-0x00000000ffffffff] reserved
[    0.0000 N (Execute Disable) protection: active
[    0.000000] SMBIOS 2.5 present.
[    0.000000] Hypervisor detected: KVM
[    0.000000] e820: last_pfn = 0x3fff0 max_arch_pfn = 0x400000000
[    0.000000] MTRR: Disabled
[    0.000000] x86/PAT: MTRRs disabled, skipping PAT initialization too.
[    0.000000] CPU MTRRs all blank - virtualized system.
[    .000] x86/ATCofigurio [-7: WB W U UC  WB WTUC UC  [  0000000] found SMP MP-table at [mem 0x0009fff0-0x0009ffff] mapped at [ffff88000009fff0]
[    0.000000] Scanning 1 areas for low memory corruption
[    0.000000] RAMDISK: [mem 0x3630c000-0x3717dfff]
[    0.000000] ACPI: Early table checksum verification disabled
[    0.000000] ACPI: RSDP 0x00000000000E0000 000024 (v02 VBOX  )
[    0.000000] ACPI: XSDT 0x000000003FFF0030 00003C (v01 VBOX   VBOXXSDT 00000001 ASL  00000061)
[    0.000000] ACPI: FACP 0x000000003FFF00F0 0000F4 (v04 VBOX   VBOXFACP 00000001 ASL  00000061)
[    0.000000] ACPI: DSDT 0x000000003FFF0470 0021FF (v02 VBOX   VBOXBIOS 00000002 INTL 20180105)
[    0.000000] ACPI: FACS 0x000000FFF0200 0004
[  0.000000]AC: FACS0x000000003FFF0200 000040
[    0.000000] ACPI: APIC 0x000000003FFF0240 00005C (v02 VBOX   VBOXAPIC 00000001 ASL  00000061)
[    0.000000] ACPI: SSDT 0x000000003FFF02A0 0001CC (v01 VBOX   VBOXCPUT 00000002 INTL 20180105)
[    0.000000] No NUMA configuration found
[    0.000000] Faking a node at [mem 0x0000000000000000-0x000000003ffeffff]
[    0.000000] NODE_DATA(0) allocated [mem 0x3ffeb000-0x3ffeffff]
[    0.000000] kvm-clock: Using msrs 4b564d01 and 4b564d00
[    0.000000] kvm-clock: cpu 0, msr 0:3ffe3001, primary cpu clock
[    0.000000] kvm-clock: using sched offset of 3088006367 cycles
[    0.000000] clocksource: kvm-clock: mask: 0xffffffffffffffff max_cycles: 0x1cd42e4dffb, max_idle_ns: 881590591483 ns
[    0.000000] Zone ranges:
[    0.000000]   DMA      [mem 0x0000000000001000-0x0000000000ffffff]
[    0.000000]   DMA32    [mem 0x0000000001000000-0x000000003ffeffff]
[    0.000000]   Normal   empty
[    0.000000]   Device   empty
[    0.000000] Movable zone start for each node
[    0.000000] Early memory node ranges
[    0.000000]   node   0: [mem 0x0000000000001000-0x000000000009efff]
[    0.000000]   node   0: [mem 0x0000000000100000-0x000000003ffeffff]
[    0.000000] Initmem setup node 0 [mem 0x0000000000001000-0x000000003ffeffff]
[    0.000000] ACPI: PM-Timer IO Port: 0x4008
[    0.000000] IOAPIC[0]: apic_id 2, version 32, address 0xfec00000, GSI 0-23
[    0.000000] ACPI: INT_SRC_OVR (bus 0 bus_irq 0 global_irq 2 dfl dfl)
[    0.000000] ACPI: INT_SRC_OVR (bus 0 bus_irq 9 global_irq 9 low level)
[    0.000000] Using ACPI (MADT) for SMP configuration information
[    0.000000] smpboot: Allowing 2 CPUs, 0 hotplug CPUs
[    0.000000] PM: Registered nosave memory: [mem 0x00000000-0x00000fff]
[    0.000000] PM: Registered nosave memory: [mem 0x0009f000-0x0009ffff]
[    0.000000] PM: Regiser nosave emy:[mem 0x000a0000-0x000effff]
[    0.000000] PM: Registered nosave memory: [mem 0x000f0000-0x000fffff]
[    0.000000] e820: [mem 0x40000000-0xfebfffff] available for PCI devices
[    0.000000] Booting paravirtualized kernel on KVM
[    0.000000] clocksource: refined-jiffies: mask: 0xffffffff max_cycles: 0xffffffff, max_idle_ns: 7645519600211568 ns
[    0.000000] setup_percpu: NR_CPUS:512 nr_cpumask_bits:512 nr_cpu_ids:2 nr_node_ids:1
[    0.000000] PERCPU: Embedded 34 pages/cpu @ffff88003fc00000 s99544 r8192 d31528 u1048576
[    0.000000] PV qspinlock hash table entries: 256 (order: 0, 4096 bytes)
[    0.000000] Built 1 zonelists in Node order, mobility grouping on.  Total pages: 257912
[    0.000000] Policy zone: DMA32
[    0.000000] Kernel command line: BOOT_IMAGE=/boot/vmlinuz-4.4.0-134-generic root=LABEL=cloudimg-rootfs ro console=tty1 console=ttyS0
[    0.000000] PID hash table entries: 4096 (order: 3, 32768 bytes)
[    0.000000] Memory: 997724K/1048120K available (8554K kernel code, 1314K rwdata, 4004K rodata, 1516K init, 1316K bss, 50396K reserved, 0K cma-reserved)
[    0.000000] SLUB: HWalign=64, Order=0-3, MinObjects=0, CPUs=2, Nodes=1
[    0.000000] Kernel/User page tables isolation: enabled
[    0.000000] Hierarchical RCU implementation.
[    0.000000] 	Build-time adjustment of leaf fanout to 64.
[    0.000000] 	RCU restricting CPUs from NR_CPUS=512 to nr_cpu_ids=2.
[    0.000000] RCU: Adjusting geometry for rcu_fanout_leaf=64, nr_cpu_ids=2
[    0.000000] NR_IRQS:33024 nr_irqs:440 16
[    0.000000] Console: colour VGA+ 80x25
[    0.000000] console [tty1] enabled
[    0.000000] console [ttyS0] enabled
[    0.000000] tsc: Detected 3199.996 MHz processor
[    0.820664] Calibrating delay loop (skipped) preset value.. 6399.99 BogoMIPS (lpj=12799984)
[    0.822135] pid_max: default: 32768 minimum: 301
[    0.822889] ACPI: Core revision 20150930
[    0.824523] ACPI: 2 ACPI AML tables successfully acquired and loaded
[    0.825547] Security Framework initialized
[    0.826217] Yama: becoming mindful.
[    0.826768] AppArmor: AppArmor initialized
[    0.827428] Dentry cache hash table entries: 131072 (order: 8, 1048576 bytes)
[   082252] Inode-cache hash table entries: 65536 (order: 7, 524288 bytes)
[    0.907786] Mount-cache hash table entries: 2048 (order: 2, 16384 bytes)
[    0.912467] Mountpoint-cache hash table entries: 2048 (order: 2, 16384 bytes)
[    0.918887] Initializing cgroup subsys io
[    0.919490] Initializing cgroup subsys memory
[    0.920140] Initializing cgroup subsys devices
[    0.920776] Initializing cgroup subsys freezer
[    0.921388] Initializing cgroup subsys net_cls
[    0.922019] Initializing cgroup subsys perf_event
[    0.922675] Initializing cgroup subsys net_prio
[    0.923397] Initializing cgroup subsys hugetlb
[    0.924060] Initializing cgroup subsys pids
[    0.928764] mce: CPU supports 0 MCE banks
[    0.929378] Last level iTLB entries: 4KB 1024, 2MB 1024, 4MB 1024
[    0.930159] Last level dTLB entries: 4KB 1024, 2MB 1024, 4MB 1024, 1GB 4
[    0.930997] Spectre V2 : Mitigation: Full generic retpoline
[    0.931742] Spectre V2 : Speculation control IBPB not-supported IBRS not-supported
[    0.932670] Speculative Store Bypass: Vulnerable
[    0.935476] Freeing SMP alternatives memory: 32K
[    0.942779] ftrace: allocating 32266 entries in 127 pages
[    1.011190] smpboot: APIC(0) Converting physical 0 to logical package 0
[    1.097732] smpboot: Max logical packages: 1
[    1.098568] x2apic enabled
[    1.099214] Switched APIC routing to physical x2apic.
[    1.100916] ..TIMER: vector=0x30 apic1=0 pin1=2 apic2=-1 pin2=-1
[    1.207915] smpboot: CPU0: Intel(R) Core(TM) i5-4460  CPU @ 3.20GHz (family: 0x6, model: 0x3c, stepping: 0x3)
[    1.215363] Performance Events: unsupported p6 CPU model 60 no PMU driver, software events only.
[    1.252299] KVM setup paravirtual spinlock
[    1.257192] x86: Booting SMP configuration:
[    1.257854] .... node  #0, CPUs:      #1
[    1.258567] kvm-clock: cpu 1, msr 0:3ffe3041, secondary cpu clock
[    1.340797] mce: CPU supports 0 MCE banks
[    1.343158] x86: Booted up 1 node, 2 CPUs
[    1.343946] smpboot: Total of 2 processors activated (12799.98 BogoMIPS)
[    1.345187] devtmpfs: initialized
[    1.346913] evm: security.selinux
[    1.347497] evm: security.SMACK64
[    1.348047] evm: security.SMACK64EXEC
[    1.348633] evm: security.SMACK64TRANSMUTE
[    1.349211] evm: security.SMACK64MMAP
[    1.349769] evm: security.ima
[    1.350243] evm: security.capability
[    1.352092] clocksource: jiffies: mask: 0xffffffff max_cycles: 0xffffffff, max_idle_ns: 7645041785100000 ns
[    1.353424] futex hash table entries: 512 (order: 3, 32768 bytes)
[    1.354303] pinctrl core: initialized pinctrl subsystem
[    1.355076] RTC time: 14:45:40, date: 10/30/18
[    1.355905] NET: Registered protocol family 16
[    1.367970] cpuidle: using governor ladder
[    1.395402] cpuidle: using governor menu
[    1.420484] PCCT header not found.
[    1.421060] ACPI: bus type PCI registered
[    1.421652] acpiphp: ACPI Hot Plug PCI Controller Driver version: 0.5
[    1.422522] PCI: Using configuration type 1 for base access
[    1.483964] ACPI: Added _OSI(Module Device)
[    1.528423] ACPI: Added _OSI(Processor Device)
[    1.529054] ACPI: Added _OSI(3.0 _SCP Extensions)
[    1.529686] ACPI: Added _OSI(Processor Aggregator Device)
[    1.530961] ACPI: Executed 1 blocks of module-level executable AML code
[    1.533569] ACPI: Interpreter enabled
[    1.540542] ACPI: (supports S0 S5)
[    1.541058] ACPI: Using IOAPIC for interrupt routing
[    1.541839] PCI: Using host bridge windows from ACPI; if necessary, use "pci=nocrs" and report a bug
[    1.545813] ACPI: PCI Root Bridge [PCI0] (domain 0000 [bus 00-ff])
[    1.598015] acpi PNP0A03:00: _OSC: OS supports [ASPM ClockPM Segments MSI]
[    1.675383] acpi PNP0A03:00: _OSC: not requesting OS control; OS requires [ExtendedConfig ASPM ClockPM MSI]
[    1.697353] acpi PNP0A03:00: fail to add MMCONFIG information, can't access extended PCI configuration space under this bridge.
[    1.699019] PCI host bridge to bus 0000:00
[    1.699632] pci_bus 0000:00: root bus resource [io  0x0000-0x0cf7 window]
[    1.700516] pci_bus 0000:00: root bus resource [io  0x0d00-0xffff window]
[    1.701365] pci_bus 0000:00: root bus resource [mem 0x000a0000-0x000bffff window]
[    1.702431] pci_bus 0000:00: root bus resource [mem 0x40000000-0xfdffffff window]
[    1.704695] pci_bus 0000:00: root bus resource [bus 00-ff]
[    1.706525] pci 0000:00:01.1: legacy IDE quirk: reg 0x10: [io  0x01f0-0x01f7]
[    1.707455] pci 0000:00:01.1: legacy IDE quirk: reg 0x14: [io  0x03f6]
[    1.708332] pci 0000:00:01.1: legacy IDE quirk: reg 0x18: [io  0x0170-0x0177]
[    1.709215] pci 0000:00:01.1: legacy IDE quirk: reg 0x1c: [io  0x0376]
[    1.722547] pci 0000:00:07.0: quirk: [io  0x4000-0x403f] claimed by PIIX4 ACPI
[    1.788561] pci 0000:00:07.0: quirk: [io  0x4100-0x410f] claimed by PIIX4 SMB
[    1.852244] ACPI: PCI Interrupt Link [LNKA] (IRQs 5 9 10 *11)
[    1.902553] ACPI: PCI Interrupt Link [LNKB] (IRQs 5 9 *10 11)
[    1.932158] ACPI: PCI Interrupt Link [LNKC] (IRQs 5 *9 10 11)
[    1.933250] ACPI: PCI Interrupt Link [LNKD] (IRQs 5 9 10 *11)
[    1.934386] ACPI: Enabled 2 GPEs in block 00 to 07
[    1.935443] vgaarb: setting as boot device: PCI:0000:00:02.0
[    1.936232] vgaarb: device added: PCI:0000:00:02.0,decodes=io+mem,owns=io+mem,locks=none
[    1.937407] vgaarb: loaded
[    1.943183] vgaarb: bridge control possible 0000:00:02.0
[    1.944181] SCSI subsystem initialized
[    1.944859] ACPI: bus type USB registered
[    1.945450] usbcore: registered new interface driver usbfs
[    1.946184] usbcore: registered new interface driver hub
[    1.946917] usbcore: registered new device driver usb
[    1.948399] PCI: Using ACPI for IRQ routing
[    1.949235] NetLabel: Initializing
[    1.949774] NetLabel:  domain hash size = 128
[    1.950376] NetLabel:  protocols = UNLABELED CIPSOv4
[    1.951065] NetLabel:  unlabeled traffic allowed by default
[    1.951957] amd_nb: Cannot enumerate AMD northbridges
[    1.952717] clocksource: Switched to clocksource kvm-clock
[    1.959367] AppArmor: AppArmor Filesystem Enabled
[    1.960151] pnp: PnP ACPI init
[    1.961257] pnp: PnP ACPI: found 3 devices
[    1.695]losoceac_p msk: 0xffffff max_cycles: 0xffffff, max_idle_ns: 2085710 n
[  20064 N: gier ptol mi 2
[    2.892132] TCP established hash table entries: 8192 (order: 4, 65536 bytes)
[    3.138809] TCP bind hash table entries: 8192 (order: 5, 131072 bytes)
[    3.237910] TCP: Hash tables configured (established 8192 bind 8192)
[    3.238742] UDP hash table entries: 512 (order: 2, 16384 bytes)
[    3.239527] UDP-Lite hash table entries: 512 (order: 2, 16384 bytes)
[    3.240389] NET: Registered protocol family 1
[    3.241040] pci 0000:00:00.0: Limiting direct PCI/PCI tnsrs
[    3.35580] pci 0000:00:01.0: Activating ISA DMA hang workarounds
[    3.367425] Unpacking initramfs...

[    3.544040] Freeing initrd memory: 14792K
[    3.581220] RAPL PMU detected, API unit is 2^-32 Joules, 4 fixed counters 10737418240 ms ovfl timer
[    3.582440] hw unit of domain pp0-core 2^-0 Joules
[    3.583102] hw unit of domain package 2^-0 Joules
[    3.583757] hw unit of domain dram 2^-0 Joules
[    3.584507] hw unit of domain pp1-gpu 2^-0 Joules
[    3.585255] platform rtc_cmos: registered platform RTC device (no PNP device found)
[    3.586375] Scanning for low memory corruption every 60 seconds
[    3.587612] audit: initializing netlink subsys (disabled)
[    3.588338] audit: type=2000 audit(1540910745.644:1): initialized
[    3.589424] Initialise system trusted keyring
[    3.590195] HugeTLB registered 2 MB page size, pre-allocated 0 pages
[    3.592207] zbud: loaded
[    3.593006] VFS: Disk quotas dquot_6.6.0
[    3.593619] VFS: Dquot-cache hash table entries: 512 (order 0, 4096 bytes)
[    3.594708] squashfs: version 4.0 (2009/01/31) Phillip Lougher
[    3.595705] fuse init (API version 7.23)
[    3.596394] Key type big_key registered
[    3.597026] Allocating IMA MOK and blacklist keyrings.
[    3.598745] Key type asymmetric registered
[    3.599371] Asymmetric key parser 'x509' registered
[    3.600097] Block layer SCSI generic (bsg) driver version 0.4 loaded (major 249)
[    3.601242] io scheduler noop registered
[    3.601847] io scheduler deadline registered (default)
[    3.602614] io scheduler cfq registered
[    3.603261] pci_hotplug: PCI Hot Plug PCI Core version: 0.5
[    3.604025] pciehp: PCI Express Hot Plug Controller Driver version: 0.4
[    3.605125] ACPI: AC Adapter [AC] (on-line)
[    3.605780] input: Power Button as /devices/LNXSYSTM:00/LNXPWRBN:00/input/input0
[    3.606845] ACPI: Power Button [PWRF]
[    3.607451] input: Sleep Button as /devices/LNXSYSTM:00/LNXSLPBN:00/input/input1
[    3.608519] ACPI: Sleep Button [SLPF]
[    3.609276] GHES: HEST is not enabled!
[    3.609923] Serial: 8250/16550 driver, 32 ports, IRQ sharing enabled
[    3.632046] 00:02: ttyS0 at I/O 0x3f8 (irq = 4, base_baud = 115200) is a 16550A
[    3.687365] Linux agpgart interface v0.103
[    3.743731] loop: module loaded
[    3.774481] scsi host0: ata_piix
[    3.801202] scsi host1: ata_piix
[    3.842372] ata1: PATA max UDMA/33 cmd 0x1f0 ctl 0x3f6 bmdma 0xd000 irq 14
[    3.887938] ata2: PATA max UDMA/33 cmd 0x170 ctl 0x376 bmdma 0xd008 irq 15
[    3.888938] libphy: Fixed MDIO Bus: probed
[    3.889590] tun: Universal TUN/TAP device driver, 1.6
[    3.890317] tun: (C) 1999-2004 Max Krasnyansky <maxk@qualcomm.com>
[    3.891129] PPP generic driver version 2.4.2
[    3.891802] ehci_hcd: USB 2.0 'Enhanced' Host Controller (EHCI) Driver
[    3.892624] ehci-pci: EHCI PCI platform driver
[    3.893302] ehci-platform: EHCI generic platform driver
[    3.894013] ohci_hcd: USB 1.1 'Open' Host Controller (OHCI) Driver
[    3.894790] ohci-pci: OHCI PCI platform driver
[    3.895410] ohci-platform: OHCI generic platform driver
[    3.896106] uhci_hcd: USB Universal Host Controller Interface driver
[    3.896978] i8042: PNP: PS/2 Controller [PNP0303:PS2K,PNP0f03:PS2M] at 0x60,0x64 irq 1,12
[    3.898500] serio: i8042 KBD port at 0x60,0x64 irq 1
[    3.899170] serio: i8042 AUX port at 0x60,0x64 irq 12
[    3.899925] mousedev: PS/2 mouse device common for all mice
[    3.900891] input: AT Translated Set 2 keyboard as /devices/platform/i8042/serio0/input/input2
[    3.902390] rtc_cmos rtc_cmos: rtc core: registered rtc_cmos as rtc0
[    3.903244] rtc_cmos rtc_cmos: alarms up to one day, 114 bytes nvram
[    3.904042] i2c /dev entries driver
[    3.904619] device-mapper: uevent: version 1.0.3
[    3.905351] device-mapper: ioctl: 4.34.0-ioctl (2015-10-28) initialised: dm-devel@redhat.com
[    3.906552] ledtrig-cpu: registered to indicate activity on CPUs
[    3.907723] NET: Registered protocol family 10
[    3.926436] NET: Registered protocol family 17
[    3.957195] Key type dns_resolver registered
[    3.989479] registered taskstats version 1
[    4.032954] Loading compiled-in X.509 certificates
[    4.085638] Loaded X.509 cert 'Build time autogenerated kernel key: 4eb3d024ac16f76c1747ffd474694c84db21038b'
[    4.168260] zswap: loaded using pool lzo/zbud
[    4.170473] Key type trusted registered
[    4.173657] Key type encrypted registered
[    4.174284] AppArmor: AppArmor sha1 policy hashing enabled
[    4.175036] ima: No TPM chip found, activating TPM-bypass!
[    4.175775] ima: Allocated hash algorithm: sha1
[    4.176433] evm: HMAC attrs: 0x1
[    4.177210]   Magic number: 6:2:790
[    4.177871] rtc_cmos rtc_cmos: setting system clock to 2018-10-30 14:45:43 UTC (1540910743)
[    4.179147] BIOS EDD facility v0.16 2004-Jun-25, 0 devices found
[    4.179915] EDD information not available.
[    4.181589] Freeing unused kernel memory: 1516K
[    4.196939] Write protecting the kernel read-only data: 14336k
[    4.241755] Freeing unused kernel memory: 1672K
[    4.273585] Freeing unused kernel memory: 92K
Loading, please wait...
[    4.289272] random: systemd-udevd: uninitialized urandom read (16 bytes read, 2 bits of entropy available)
starting version[    4.290528] random: udevadm: uninitialized urandom read (16 bytes read, 2 bits of entropy available)
 229
[    4.290576] random: udevadm: uninitialized urandom read (16 bytes read, 2 bits of entropy available)
[    4.306570] random: udevadm: uninitialized urandom read (16 bytes read, 2 bits of entropy available)
[    4.306636] random: udevadm: uninitialized urandom read (16 bytes read, 2 bits of entropy available)
[    4.306815] random: udevadm: uninitialized urandom read (16 bytes read, 2 bits of entropy available)
[    4.306904] random: udevadm: uninitialized urandom read (16 bytes read, 2 bits of entropy available)
[    4.306986] random: udevadm: uninitialized urandom read (16 bytes read, 2 bits of entropy available)
[    4.307046] random: udevadm: uninitialized urandom read (16 bytes read, 2 bits of entropy available)
[    4.307114] random: udevadm: uninitialized urandom read (16 bytes read, 2 bits of entropy available)
[    4.528710] Fusion MPT base driver 3.04.20
[    4.549170] Copyright (c) 1999-2008 LSI Corporation
[    4.552372] e1000: Intel(R) PRO/1000 Network Driver - version 7.3.21-k8-NAPI
[    4.553307] e1000: Copyright (c) 1999-2006 Intel Corporation.
[    4.559420] AVX2 version of gcm_enc/dec engaged.
[    4.608002] AES CTR mode by8 optimization enabled
[    4.608768] tsc: Refined TSC clocksource calibration: 3200.061 MHz
[    4.609615] clocksource: tsc: mask: 0xffffffffffffffff max_cycles: 0x2e2083e049c, max_idle_ns: 440795338296 ns
[    4.614373] Fusion MPT SPI Host driver 3.04.20
[    4.802472] input: ImExPS/2 Generic Explorer Mouse as /devices/platform/i8042/serio1/input/input4
[    5.426291] e1000 0000:00:03.0 eth0: (PCI:33MHz:32-bit) 02:93:23:4d:82:b3
[    5.553992] e1000 0000:00:03.0 eth0: Intel(R) PRO/1000 Network Connection
[    5.555472] mptbase: ioc0: Initiating bringup
[    5.555790] e1000 0000:00:03.0 enp0s3: renamed from eth0
[    5.621007] ioc0: LSI53C1030 A0: Capabilities={Initiator}
[    5.986295] scsi host2: ioc0: LSI53C1030 A0, FwRev=00000000h, Ports=1, MaxQ=256, IRQ=20
[    6.357763] scsi 2:0:0:0: Direct-Access     VBOX     HARDDISK         1.0  PQ: 0 ANSI: 5
[    6.601003] scsi target2:0:0: Beginning Domain Validation
[    6.748842] scsi target2:0:0: Domain Validation skipping write tests
[    6.987653] scsi target2:0:0: Ending Domain Validation
[    7.167686] scsi target2:0:0: asynchronous
[    7.308322] scsi 2:0:1:0: Direct-Access     VBOX     HARDDISK         1.0  PQ: 0 ANSI: 5
[    7.435191] scsi target2:0:1: Beginning Domain Validation
[    7.619024] scsi target2:0:1: Domain Validation skipping write tests
[    7.697661] scsi target2:0:1: Ending Domain Validation
[    7.780637] scsi target2:0:1: asynchronous
[    7.785405] sd 2:0:0:0: Attached scsi generic sg0 type 0
[    7.785496] sd 2:0:0:0: [sda] 20971520 512-byte logical blocks: (10.7 GB/10.0 GiB)
[    7.785694] sd 2:0:0:0: [sda] Write Protect is off
[    7.785796] sd 2:0:0:0: [sda] Incomplete mode parameter data
[    7.785797] sd 2:0:0:0: [sda] Assuming drive cache: write through
[    7.786643]  sda: sda1
[    7.787049] sd 2:0:0:0: [sda] Attached SCSI disk
[    9.392080] sd 2:0:1:0: Attached scsi generic sg1 type 0
[    9.392222] sd 2:0:1:0: [sdb] 20480 512-byte logical blocks: (10.5 MB/10.0 MiB)
[    9.392482] sd 2:0:1:0: [sdb] Write Protect is off
[    9.392607] sd 2:0:1:0: [sdb] Incomplete mode parameter data
[    9.392608] sd 2:0:1:0: [sdb] Assuming drive cache: write through
[    9.394942] sd 2:0:1:0: [sdb] Attached SCSI disk
Begin: Loading e[   11.412416] md: linear personality registered for level -1
ssential drivers ... [   11.491294] md: multipath personality registered for level -4
[   11.493972] md: raid0 personality registered for level 0
[   11.496822] md: raid1 personality registered for level 1
[   11.601266] raid6: sse2x1   gen() 10634 MB/s
[   11.745390] raid6: sse2x1   xor()  8220 MB/s
[   11.837273] raid6: sse2x2   gen() 13521 MB/s
[   11.953116] raid6: sse2x2   xor()  8917 MB/s
[   12.090785] raid6: sse2x4   gen() 16027 MB/s
[   12.353700] raid6: sse2x4   xor() 10002 MB/s
[   12.428119] raid6: avx2x1   gen() 20252 MB/s
[   12.700076] raid6: avx2x2   gen() 24668 MB/s
[   12.893069] raid6: avx2x4   gen() 28171 MB/s
[   12.937639] raid6: using algorithm avx2x4 gen() 28171 MB/s
[   13.117735] raid6: using avx2x2 recovery algorithm
[   13.119744] xor: automatically using best checksumming function:
[   13.156751]    avx       : 28008.000 MB/sec
[   13.208726] async_tx: api initialized (async)
[   13.214887] md: raid6 personality registered for level 6
[   13.277930] md: raid5 personality registered for level 5
[   13.278645] md: raid4 personality registered for level 4
[   13.284181] md: raid10 personality registered for level 10
done.
Begin: Running /scripts/init-premount ... done.
Begin: Mounting root file system[   13.345441] Btrfs loaded
 ... Begin: Running /scripts/local-top ... done.
Begin: Running[   13.409740] EXT4-fs (sda1): mounted filesystem with ordered data mode. Opts: (null)
 /scripts/local-premount ... Scanning for Btrfs filesystems
done.
Warning: fsck not present, so skipping root file system
done.
Begin: Running /scripts/local-bottom ... done.
Begin: Running /scripts/init-bottom ... done.
[   13.626268] systemd[1]: systemd 229 running in system mode. (+PAM +AUDIT +SELINUX +IMA +APPARMOR +SMACK +SYSVINIT +UTMP +LIBCRYPTSETUP +GCRYPT +GNUTLS +ACL +XZ -LZ4 +SECCOMP +BLKID +ELFUTILS +KMOD -IDN)
[   13.871305] systemd[1]: Detected virtualization oracle.
[   13.872008] systemd[1]: Detected architecture x86-64.

Welcome to [1mUbuntu 16.04.5 LTS[0m!

[   13.874978] systemd[1]: Set hostname to <ubuntu>.
[   13.878009] systemd[1]: Initializing machine ID from random generator.
[   13.997861] systemd[1]: Installed transient /etc/machine-id file.
[   14.156792] systemd[1]: Listening on LVM2 poll daemon socket.
[[0;32m  OK  [0m] Listening on LVM2 poll daemon socket.
[   14.355032] systemd[1]: Listening on Journal Audit Socket.
[[0;32m  OK  [0m] Listening on Journal Audit Socket.
[   14.608957] systemd[1]: Reached target User and Group Name Lookups.
[[0;32m  OK  [0m] Reached target User and Group Name Lookups.
[   14.659126] systemd[1]: Created slice System Slice.
[[0;32m  OK  [0m] Created slice System Slice.
[   14.660488] systemd[1]: Reached target Swap.
[[0;32m  OK  [0m] Reached target Swap.
[   14.661983] systemd[1]: Created slice User and Session Slice.
[[0;32m  OK  [0m] Created slice User and Session Slice.
[   14.663503] systemd[1]: Listening on udev Control Socket.
[[0;32m  OK  [0m] Listening on udev Control Socket.
[   14.664971] systemd[1]: Started Trigger resolvconf update for networkd DNS.
[[0;32m  OK  [0m] Started Trigger resolvconf update for networkd DNS.
[   14.666612] systemd[1]: Listening on Journal Socket.
[[0;32m  OK  [0m] Listening on Journal Socket.
[   14.684916] systemd[1]: Starting Load Kernel Modules...
[   4.771] Loading SC tnsrt cass v2.0-870.

         Starting Load Kernel Modules...
[   15.068920] systemd[1]: Starting Set console keymap...
         Startin[   15.169110] iscsi: registered transport (tcp)
g Set console keymap...
[   15.188927] systemd[1]: Starting Uncomplicated firewall...
         [   15.263389] iscsi: registered transport (iser)
Starting Uncomplicated firewall...
[   15.724894] systemd[1]: Mounting POSIX Message Queue File System...
[   15.838446] random: nonblocking pool is initialized
         Mounting POSIX Message Queue File System...
[   15.897509] systemd[1]: Created slice system-serial\x2dgetty.slice.
[[0;32m  OK  [0m] Created slice system-serial\x2dgetty.slice.
[   15.899255] systemd[1]: Reached target Slices.
[[0;32m  OK  [0m] Reached target Slices.
[   15.900695] systemd[1]: Started Forward Password Requests to Wall Directory Watch.
[[0;32m  OK  [0m] Started Forward Password Requests to Wall Directory Watch.
[   15.927336] systemd[1]: Starting Create list of required static device nodes for the current kernel...
         Starting Create list of required st... nodes for the current kernel...
[   15.930886] systemd[1]: Mounting Huge Pages File System...
         Mounting Huge Pages File System...
[   15.934742] systemd[1]: Listening on Journal Socket (/dev/log).
[[0;32m  OK  [0m] Listening on Journal Socket (/dev/log).
[   15.936436] systemd[1]: Listening on Device-mapper event daemon FIFOs.
[[0;32m  OK  [0m] Listening on Device-mapper event daemon FIFOs.
[   15.938393] systemd[1]: Set up automount Arbitrary Executable File Formats File System Automount Point.
[[0;32m  OK  [0m] Set up automount Arbitrary Executab...ats File System Automount Point.
[   15.941429] systemd[1]: Reached target Encrypted Volumes.
[[0;32m  OK  [0m] Reached target Encrypted Volumes.
[  1.007638] systemd[1]: Listening on LVM2 metadata daemon socket.
[[0;32m  OK  [0m] Listening on LVM2 metadata daemon socket.
[   16.076900] systemd[1]: Starting Monitoring of LVM2 mirrors, snapshots etc. using dmeventd or progress polling...
         Starting Monitoring of LVM2 mirrors... dmeventd or progress polling...
[   16.139962] systemd[1]: Listening on udev Kernel Socket.
[[0;32m  OK  [0m] Listening on udev Kernel Socket.
[   16.142533] systemd[1]: Listening on Syslog Socket.
[[0;32m  OK  [0m] Listening on Syslog Socket.
[   16.160364] systemd[1]: Starting Journal Service...
         Starting Journal Service...
[   16.256974] systemd[1]: Starting Remount Root and Kernel File Systems...
         [   16.348429] EXT4-fs (sda1): re-mounted. Opts: (null)
Starting Remount Root and Kernel File Systems...
[   16.421024] systemd[1]: Reached target System Time Synchronized.
[[0;32m  OK  [0m] Reached target System Time Synchronized.
[   16.422761] systemd[1]: Listening on /dev/initctl Compatibility Named Pipe.
[[0;32m  OK  [0m] Listening on /dev/initctl Compatibility Named Pipe.
[   16.425361] systemd[1]: Mounting Debug File System...
         Mounting Debug File System...
[   16.492913] systemd[1]: Starting Nameserver information manager...
         Starting Nameserver information manager...
[   16.568708] systemd[1]: Mounted POSIX Message Queue File System.
[[0;32m  OK  [0m] Mounted POSIX Message Queue File System.
[   16.668949] systemd[1]: Mounted Debug File System.
[[0;32m  OK  [0m] Mounted Debug File System.
[   16.838584] systemd[1]: Mounted Huge Pages File System.
[[0;32m  OK  [0m] Mounted Huge Pages File System.
[   16.865073] systemd[1]: Started Journal Service.
[[0;32m  OK  [0m] Started Journal Service.
[[0;32m  OK  [0m] Started Load Kernel Modules.
[[0;32m  OK  [0m] Started Set console keymap.
[[0;32m  OK  [0m] Started Uncomplicated firewall.
[[0;32m  OK  [0m] Started Create list of required sta...ce nodes for the current kernel.
[[0;32m  OK  [0m] Started Remount Root and Kernel File Systems.
[[0;32m  OK  [0m] Started Nameserver information manager.
[[0;32m  OK  [0m] Started LVM2 metadata daemon.
         Starting Load/Save Random Seed...
         Starting udev Coldplug all Devices...
         Starting Create Static Device Nodes in /dev...
         Starting Apply Kernel Variables...
         Mounting FUSE Control File System...
         Starting Flush Journal to Persistent Storage...
[[0;32m  OK  [0m] Mounted FUSE Control File System.
[[0;32m  OK  [0m] Started Monitoring of LVM2 mirrors,...ng dmeventd or progress polling.
[[0;32m  OK  [0m] Started Load/Save Random Seed.
[[0;32m  OK  [0m] Started Create Static Device Nodes in /dev.
[[0;32m  OK  [0m] Started Apply Kernel Variables.
[[0;32m  OK  [0m] Started udev Coldplug all Devices.
[[0;32m  OK  [0m] Started Flush Journal to Persistent Storage.
         Starting udev Kernel Device Manager...
[[0;32m  OK  [0m] Started udev Kernel Device Manager.
[[0;32m  OK  [0m] Started Dispatch Password Requests to Console Directory Watch.
[[0;32m  OK  [0m] Reached target Local File Systems (Pre).
[[0;32m  OK  [0m] Reached target Local File Systems.
         Starting Tell Plymouth To Write Out Runtime Data...
         Starting Set console font and keymap...
         Starting Initial cloud-init job (pre-networking)...
         Starting LSB: AppArmor initialization...
         Starting Create Volatile Files and Directories...
         Starting Commit a transient machine-id on disk...
[[0;32m  OK  [0m] Started Tell Plymouth To Write Out Runtime Data.
[[0;1;31mFAILED[0m] Failed to start Set console font and keymap.
See 'systemctl status console-setup.service' for details.
[[0;32m  OK  [0m] Started Create Volatile Files and Directories.
[[0;32m  OK  [0m] Started Commit a transient machine-id on disk.
[[0;32m  OK  [0m] Found device /dev/ttyS0.
[[0;32m  OK  [0m] Listening on Load/Save RF Kill Switch Status /dev/rfkill Watch.
         Starting Update UTMP about System Boot/Shutdown...
[[0;32m  OK  [0m] Created slice system-getty.slice.
[[0;32m  OK  [0m] Started Update UTMP about System Boot/Shutdown.
[   17.418243] cloud-init[598]: Cloud-init v. 18.3-9-g2e62cb8a-0ubuntu1~16.04.2 running 'init-local' at Tue, 30 Oct 2018 14:45:58 +0000. Up 17.08 seconds.
[[0;32m  OK  [0m] Started LSB: AppArmor initialization.
[[0;32m  OK  [0m] Started Initial cloud-init job (pre-networking).
[[0;32m  OK  [0m] Reached target Network (Pre).
         Starting Raise network interfaces...
[[0;32m  OK  [0m] Started Raise network interfaces.
         Starting Initial cloud-init job (metadata service crawler)...
[[0;32m  OK  [0m] Reached target Network.
[   18.641555] cloud-init[893]: Cloud-init v. 18.3-9-g2e62cb8a-0ubuntu1~16.04.2 running 'init' at Tue, 30 Oct 2018 14:45:58 +0000. Up 18.01 seconds.
[   18.736960] [cloud-init[0;32m  OK  [0m[893]: ] ci-info: ++++++++++++++++++++++++++++++++++++++Net device info++++++++++++++++++++++++++++++++++++++Started Initial cloud-init job (metadata service crawler).

[   18.769264] [[0;32m  OK  [0m] Reached target Cloud-config availability.
[[0;32m  OK  [0m] Reached target Network is Online.
cloud-init[893]: ci-info: +--------+------+----------------------------+---------------+--------+-------------------+
[   18.774598] cloud-init[893]: ci-info: | Device |  Up  |          Address           |      Mask     | Scope  |     Hw-Address    |
[   18.812280]          Starting iSCSI initiator daemon (iscsid)...
[[0;32m  OK  [0m] Reached target System Initialization.
cloud-init[893]: ci-info: +--------+------+----------------------------+---------------+--------+-------------------+
[[0;32m  OK  [0m] Started ACPI Events Check.
[[0;32m  OK  [0m] Reached target Paths.
[[0;32m  OK  [0m] Listening on D-Bus System Message Bus Socket.
[[0;32m  OK  [0m] Started Daily apt download activities.
[[0;32m  OK  [0m] Started Daily apt upgrade and clean activities.
[   18.823601] cloud-init[893]: ci-info: | enp0s3 | True |         10.0.2.15          | 255.255.255.0 | global | 02:93:23:4d:82:b3 |
[   18.838829]          Starting LXD - unix socket.
[[0;32m  OK  [0m] Listening on ACPID Listen Socket.
         Starting Socket activation for snappy daemon.
[[0;32m  OK  [0m] Started Daily Cleanup of Temporary Directories.
[[0;32m  OK  [0m] Reached target Timers.
[[0;32m  OK  [0m] Listening on UUID daemon activation socket.
cloud-init[893]: ci-info: | enp0s3 | True | fe80::93:23ff:fe4d:82b3/64 |       .       |  link  | 02:93:23:4d:82:b3 |
[   18.843382] cloud-init[893]: ci-info: |   lo   | True |         127.0.0.1          |   255.0.0.0   |  host  |         .         |
[   18.844882] cloud-init[893]: ci-info: |   lo   | True |          ::1/128           |       .       |  host  |         .         |
[   18.846337] cloud-init[893]: ci-info: +--------+------+----------------------------+---------------+--------+-------------------+
[   18.872798] cloud-init[893]: ci-info: +++++++++++++++++++++++++++Route IPv4 info++++++++++++++++++++++++++++
[   18.873104] cloud-init[893]: ci-info: +-------+-------------+----------+---------------+-----------+-------+
[   18.873439] cloud-init[893]: ci-info: | Route | Destination | Gateway  |    Genmask    | Interface | Flags |
[   18.873619] cloud-init[893]: ci-info: +-------+-------------+----------+---------------+-----------+-------+
[   18.873795] cloud-init[893]: ci-info: |   0   |   0.0.0.0   | 10.0.2.2 |    0.0.0.0    |   enp0s3  |   UG  |
[   18.873966] cloud-init[893]: ci-info: |   1   |   10.0.2.0  | 0.0.0.0  | 255.255.255.0 |   enp0s3  |   U   |
[   18.874139] cloud-init[893]: ci-info: +-------+-------------+----------+---------------+-----------+-------+
[   18.874321] cloud-init[893]: ci-info: +++++++++++++++++++Route IPv6 info+++++++++++++++++++
[   18.874487] cloud-init[893]: ci-info: +-------+-------------+---------+-----------+-------+
[   18.874662] cloud-init[893]: ci-info: | Route | Destination | Gateway | Interface | Flags |
[   18.874836] cloud-init[893]: ci-info: +-------+-------------+---------+-----------+-------+
[   18.875008] cloud-init[893]: ci-info: |   0   |  fe80::/64  |    ::   |   enp0s3  |   U   |
[   18.875185] cloud-init[893]: ci-info: |   3   |   ff00::/8  |    ::   |   enp0s3  |   U   |
[   18.875548] cloud-init[893]: ci-info: +-------+-------------+---------+-----------+-------+
[   18.875745] cloud-init[893]: Generating public/private rsa key pair.
[   18.875902] cloud-init[893]: Your identification has been saved in /etc/ssh/ssh_host_rsa_key.
[   18.876263] cloud-init[893]: Your public key has been saved in /etc/ssh/ssh_host_rsa_key.pub.
[   18.876432] cloud-init[893]: The key fingerprint is:
[   18.876607] cloud-init[893]: SHA256:YJ/rS9uvH6Oy1xoR0gBPDk+hJdE6qi6eBINezrDz+zU root@ubuntu-xenial
[   18.876784] cloud-init[893]: The key's randomart image is:
[   18.876957] cloud-init[893]: +---[RSA 2048]----+
[   18.877131] cloud-init[893]: |      =+*.       |
[   18.877306] cloud-init[893]: |       @.o       |
[   18.877479] cloud-init[893]: |      +.= o      |
[   18.877653] cloud-init[893]: |.    .oo o .     |
[   18.877829] cloud-init[893]: |+. . . .S .      |
[   18.878008] cloud-init[893]: |o.* .    . .     |
[   18.878176] cloud-init[893]: | = +   Eo ..o    |
[   18.878354] cloud-init[893]: |o =   .ooo.o.o   |
[   18.878526] cloud-init[893]: |.=.oo.  ====o    |
[   18.878702] cloud-init[893]: +----[SHA256]-----+
[   18.878876] cloud-init[893]: Generating public/private dsa key pair.
[   18.879050] cloud-init[893]: Your identification has been saved in /etc/ssh/ssh_host_dsa_key.
[   18.879226] cloud-init[893]: Your public key has been saved in /etc/ssh/ssh_host_dsa_key.pub.
[   18.879390] cloud-init[893]: The key fingerprint is:
[   18.879479] cloud-init[893]: SHA256:gvJWTsXCzm3nGo+MR+oa+tZxnePN5n7LBghju03uZQM root@ubuntu-xenial
[   18.879572] cloud-init[893]: The key's randomart image is:
[   18.879665] cloud-init[893]: +---[DSA 1024]----+
[   18.879760] cloud-init[893]: |                 |
[   18.879853] cloud-init[893]: |     . .         |
[   18.879946] cloud-init[893]: |      o o        |
[   18.880067] cloud-init[893]: |     + ++        |
[   18.880230] cloud-init[893]: |  . . *.S=Eo     |
[   18.880330] cloud-init[893]: |   o +.o+o*..    |
[   18.880420] cloud-init[893]: |    +..=.*.++.   |
[   18.880515] cloud-init[893]: |   o..ooo=+o+oo  |
[   18.880609] cloud-init[893]: |  .oooo.+.o+ooo. |
[   18.880703] cloud-init[893]: +----[SHA256]-----+
[   18.880796] cloud-init[893]: Generating public/private ecdsa key pair.
[   18.880894] cloud-init[893]: Your identification has been saved in /etc/ssh/ssh_host_ecdsa_key.
[   18.880985] cloud-init[893]: Your public key has been saved in /etc/ssh/ssh_host_ecdsa_key.pub.
[   18.881081] cloud-init[893]: The key fingerprint is:
[   18.881175] cloud-init[893]: SHA256:gy3T8zkYhE8jVOoWTvERSavfLp6x6PgxgWK3ODeHk8w root@ubuntu-xenial
[   18.881268] cloud-init[893]: The key's randomart image is:
[   18.881361] cloud-init[893]: +---[ECDSA 256]---+
[   18.881454] cloud-init[893]: |      oo=o       |
[   18.881549] cloud-init[893]: |     . =.o       |
[   18.881643] cloud-init[893]: |      * *        |
[   18.881737] cloud-init[893]: |     = @ .       |
[   18.881835] cloud-init[893]: |  o o X S        |
[   18.881929] cloud-init[893]: | . * = = B .     |
[   18.882023] cloud-init[893]: |  o E + + =      |
[   18.882118] cloud-init[893]: |   o = +.= .     |
[   18.882211] cloud-init[893]: |    .o+.+..      |
[   18.882306] cloud-init[893]: +----[SHA256]-----+
[   18.882398] cloud-init[893]: Generating public/private ed25519 key pair.
[   18.882493] cloud-init[893]: Your identification has been saved in /etc/ssh/ssh_host_ed25519_key.
[   18.882588] cloud-init[893]: Your public key has been saved in /etc/ssh/ssh_host_ed25519_key.pub.
[   18.882680] cloud-init[893]: The key fingerprint is:
[   18.882773] cloud-init[893]: SHA256:U2ESx72ljq+Rd2u0dd0hp82QswqBVNvFfsDFX6G5veg root@ubuntu-xenial
[   18.882869] cloud-init[893]: The key's randomart image is:
[   18.882961] cloud-init[893]: +--[ED25519 256]--+
[   18.883057] cloud-init[893]: |        +++.o.oo.|
[   18.883150] cloud-init[893]: |       . ++.o++..|
[   18.905390] cloud-init[893]: |      . .....*o o|
[   18.905554] cloud-init[893]: |       . o  o*o+.|
[   18.905647] cloud-init[893]: |        S .o .@.+|
[   18.905735] cloud-init[893]: |         o...ooo*|
[   18.905824] cloud-init[893]: |          +.oo.+.|
[   18.905915] cloud-init[893]: |           +o.o. |
[   18.906267] cloud-init[893]: |          .. E.  |
[   18.906465] cloud-init[893]: +----[SHA256]-----+
[[0;32m  OK  [0m] Listening on LXD - unix socket.
[[0;32m  OK  [0m] Listening on Socket activation for snappy daemon.
[[0;32m  OK  [0m] Started iSCSI initiator daemon (iscsid).
         Starting Login to default iSCSI targets...
[[0;32m  OK  [0m] Reached target Sockets.
[[0;32m  OK  [0m] Reached target Basic System.
         Starting LSB: Record successful boot for GRUB...
         Starting /etc/rc.local Compatibility...
         Starting Pollinate to seed the pseudo random number generator...
         Starting LSB: MD monitoring daemon...
         Starting Accounts Service...
[[0;32m  OK  [0m] Started Unattended Upgrades Shutdown.
         Starting System Logging Service...
[[0;32m  OK  [0m] Started Regular background program processing daemon.
         Starting Virtualbox guest utils...
         Starting Login Service...
[[0;32m  OK  [0m] Started D-Bus System Message Bus.
[[0;32m  OK  [0m] Started Deferred execution scheduler.
[[0;32m  OK  [0m] Started FUSE filesystem for LXC.
[[0;32m  OK  [0m] Started ACPI event daemon.
         Starting Snappy daemon...
         Starting LXD - container startup/shutdown...
[[0;32m  OK  [0m] Started System Logging Service.
[[0;32m  OK  [0m] Started /etc/rc.local Compatibility.
[[0;32m  OK  [0m] Started Login to default iSCSI targets.
[[0;32m  OK  [0m] Started LSB: Record successful boot for GRUB.
[[0;32m  OK  [0m] Started LSB: MD monitoring daemon.
[[0;32m  OK  [0m] Started LXD - container startup/shutdown.
[[0;32m  OK  [0m] Started Virtualbox guest utils.
[[0;32m  OK  [0m] Started Login Service.
[[0;32m  OK  [0m] Started Snappy daemon.
         Starting Wait until snapd is fully seeded...
         Starting Authenticate and Authorize Users to Run Privileged Tasks...
[[0;32m  OK  [0m] Reached target Remote File Systems (Pre).
[[0;32m  OK  [0m] Reached target Remote File Systems.
         Starting LSB: automatic crash report generation...
         Starting LSB: Set the CPU Frequency Scaling governor to "ondemand"...
         Starting Permit User Sessions...
         Starting LSB: daemon to balance interrupts for SMP systems...
[[0;32m  OK  [0m] Started Permit User Sessions.
[[0;32m  OK  [0m] Started Authenticate and Authorize Users to Run Privileged Tasks.
[[0;32m  OK  [0m] Started Accounts Service.
[[0;32m  OK  [0m] Started LSB: Set the CPU Frequency Scaling governor to "ondemand".
         Starting Hold until boot process finishes up...
         Starting Terminate Plymouth Boot Screen...
[[0;32m  OK  [0m] Started LSB: automatic crash report generation.
[[0;32m  OK  [0m] Started LSB: daemon to balance interrupts for SMP systems.
[[0;32m  OK  [0m] Started Hold until boot process finishes up.
[[0;32m  OK  [0m] Started Terminate Plymouth Boot Screen.
[[0;32m  OK  [0m] Started Serial Getty on ttyS0.
[[0;32m  OK  [0m] Started Getty on tty1.
[[0;32m  OK  [0m] Reached target Login Prompts.
         Starting Set console scheme...
[[0;32m  OK  [0m] Started Set console scheme.
[[0;32m  OK  [0m] Started Pollinate to seed the pseudo random number generator.
         Starting OpenBSD Secure Shell server...
[[0;32m  OK  [0m] Started OpenBSD Secure Shell server.

Ubuntu 16.04.5 LTS ubuntu-xenial ttyS0

ubuntu-xenial login: [   27.458046] cloud-init[1297]: Generating locales (this might take a while)...
[   28.152222] cloud-init[1297]:   en_US.UTF-8... done
[   28.153139] cloud-init[1297]: Generation complete.
[   28.387574] cloud-init[1297]: Cloud-init v. 18.3-9-g2e62cb8a-0ubuntu1~16.04.2 running 'modules:config' at Tue, 30 Oct 2018 14:46:08 +0000. Up 27.33 seconds.
ci-info: no authorized ssh keys fingerprints found for user ubuntu.
<14>Oct 30 14:46:09 ec2: 
<14>Oct 30 14:46:09 ec2: #############################################################
<14>Oct 30 14:46:09 ec2: -----BEGIN SSH HOST KEY FINGERPRINTS-----
<14>Oct 30 14:46:09 ec2: 1024 SHA256:gvJWTsXCzm3nGo+MR+oa+tZxnePN5n7LBghju03uZQM root@ubuntu-xenial (DSA)
<14>Oct 30 14:46:09 ec2: 256 SHA256:gy3T8zkYhE8jVOoWTvERSavfLp6x6PgxgWK3ODeHk8w root@ubuntu-xenial (ECDSA)
<14>Oct 30 14:46:09 ec2: 256 SHA256:U2ESx72ljq+Rd2u0dd0hp82QswqBVNvFfsDFX6G5veg root@ubuntu-xenial (ED25519)
<14>Oct 30 14:46:09 ec2: 2048 SHA256:YJ/rS9uvH6Oy1xoR0gBPDk+hJdE6qi6eBINezrDz+zU root@ubuntu-xenial (RSA)
<14>Oct 30 14:46:09 ec2: -----END SSH HOST KEY FINGERPRINTS-----
<14>Oct 30 14:46:09 ec2: #############################################################
-----BEGIN SSH HOST KEY KEYS-----
ecdsa-sha2-nistp256 AAAAE2VjZHNhLXNoYTItbmlzdHAyNTYAAAAIbmlzdHAyNTYAAABBBE5bSsuXJG2AP5QqF2+ukvPHKyXK4qI1xMd/SSAJpMsjZ+aVbQLTNSy4N7ZghOQo/vbbp5YmNrAnm2Pnnau+EDM= root@ubuntu-xenial
ssh-ed25519 AAAAC3NzaC1lZDI1NTE5AAAAIJ+juFEJQuAnCMEtCbeaXILGa/c+AzN7zBQyPCFtXf0u root@ubuntu-xenial
ssh-rsa AAAAB3NzaC1yc2EAAAADAQABAAABAQC6vkxecJorL4WWXv94a+dbz3mX5iu711QdN0EnBOUaEg9cCRgrJC10QhL0W3CKQMmeHqUS77S+Vbd4it/Aj2n8loyKn2YtM9Ar5D5D35xbf187PqzXd1C+FEQMM8hN1E7n3d4wkTCpwX/ofTnC2KhJaCRRxYKNaoukptM04YFzG6gPaeJZsJ4y1ct73+/etSRAf4bl95STnVjbiTDMc2vDwvNpXQO2q06+vK6iBe36lb4yJDRwKY+V2POdQi0Cgwds5xS0pDy/n1EIeIikdEDDG7xa2b1Jp+wdeIiGJrXn7uJNUMvxujS7Ag8OUA58+IcfeNsZD9yX270Mhi2E7rpH root@ubuntu-xenial
-----END SSH HOST KEY KEYS-----
[   28.763399] cloud-init[1382]: Cloud-init v. 18.3-9-g2e62cb8a-0ubuntu1~16.04.2 running 'modules:final' at Tue, 30 Oct 2018 14:46:09 +0000. Up 28.64 seconds.
[   28.763561] cloud-init[1382]: ci-info: no authorized ssh keys fingerprints found for user ubuntu.
[   28.763664] cloud-init[1382]: Cloud-init v. 18.3-9-g2e62cb8a-0ubuntu1~16.04.2 finished at Tue, 30 Oct 2018 14:46:09 +0000. Datasource DataSourceNoCloud [seed=/dev/sdb][dsmode=net].  Up 28.75 seconds
         Stopping Session 2 of user va         Stopping System Logging Service...
         Stopping Virtualbox guest utils...
         Stopping LSB: Set the CPU Frequency Scaling governor to "ondemand"...
[  OK  ] Stopped Apply the settings specified in cloud-config.
[  OK  ] Stopped target Cloud-config availability.
[  OK  ] Stopped Wait until snapd is fully seeded.
         Stopping Snappy daemon...
         Stopping Deferred execution scheduler...
[  OK  ] Stopped target System Time Synchronized.
[  OK  ] Unmounted /var/lib/lxcfs.
[  OK  ] Stopped Accounts Service.
[  OK  ] Stopped System Logging Service.
[  OK  ] Stopped Regular background program processing daemon.
[  OK  ] Stopped Deferred execution scheduler.
[  OK  ] Stopped ACPI event daemon.
[  OK  ] Stopped Snappy daemon.
[  OK  ] Stopped Authenticate and Authorize Users to Run Privileged Tasks.
[  OK  ] Stopped Serial Getty on ttyS0.
[  OK  ] Stopped Getty on tty1.
[  OK  ] Stopped User Manager for UID 1000.
[  OK  ] Stopped Session 2 of user vagrant.
[  OK  ] Stopped OpenBSD Secure Shell server.
[  OK  ] Stopped Session 6 of user vagrant.
[  OK  ] Stopped D-Bus System Message Bus.
[  OK  ] Stopped Unattended Upgrades Shutdown.
[  OK  ] Stopped FUSE filesystem for LXC.
[  OK  ] Stopped LXD - container startup/shutdown.
[  OK  ] Stopped LSB: Record successful boot for GRUB.
[  OK  ] Stopped LSB: automatic crash report generation.
[  OK  ] Stopped LSB: MD monitoring daemon.
[  OK  ] Stopped LSB: daemon to balance interrupts for SMP systems.
[  OK  ] Stopped Virtualbox guest utils.
[  OK  ] Stopped LSB: Set the CPU Frequency Scaling governor to "ondemand".
[  OK  ] Removed slice User Slice of vagrant.
         Stopping Login Service...
[  OK  ] Removed slice system-getty.slice.
[  OK  ] Stopped /etc/rc.local Compatibility.
         Stopping Permit User Sessions...
[  OK  ] Removed slice system-serial\x2dgetty.slice.
[  OK  ] Stopped Permit User Sessions.
[  OK  ] Stopped Login Service.
[  OK  ] Stopped target User and Group Name Lookups.
[  OK  ] Stopped LSB: Apache2 web server.
[  OK  ] Stopped target Remote File Systems.
[  OK  ] Stopped target Remote File Systems (Pre).
         Stopping Login to default iSCSI targets...
[  OK  ] Stopped MySQL Community Server.
[  OK  ] Stopped target Basic System.
[  OK  ] Stopped target Slices.
[  OK  ] Removed slice User and Session Slice.
[  OK  ] Stopped target Sockets.
[  OK  ] Closed D-Bus System Message Bus Socket.
[  OK  ] Closed Socket activation for snappy daemon.
[  OK  ] Closed LXD - unix socket.
[  OK  ] Closed Syslog Socket.
[  OK  ] Closed UUID daemon activation socket.
[  OK  ] Closed ACPID Listen Socket.
[  OK  ] Stopped target Paths.
[  OK  ] Stopped Forward Password Requests to Wall Directory Watch.
[  OK  ] Stopped Dispatch Password Requests to Console Directory Watch.
[  OK  ] Stopped ACPI Events Check.
[  OK  ] Stopped target System Initialization.
[  OK  ] Stopped Create Volatile Files and Directories.
[  OK  ] Stopped target Encrypted Volumes.
         Stopping Load/Save Random Seed...
[  OK  ] Stopped Commit a transient machine-id on disk.
[  OK  ] Stopped target Swap.
         Deactivating swap /swapfile...
[  OK  ] Stopped Load/Save Random Seed.
[  OK  ] Stopped Login to default iSCSI targets.
[  OK  ] Deactivated swap /swapfile.
         Stopping iSCSI initiator daemon (iscsid)...
[  OK  ] Stopped iSCSI initiator daemon (iscsid).
[  OK  ] Stopped target Network is Online.
[  OK  ] Stopped target Network.
[  OK  ] Stopped Initial cloud-init job (metadata service crawler).
         Stopping Raise network interfaces...
[  OK  ] Stopped Raise network interfaces.
[  OK  ] Stopped Apply Kernel Variables.
[  OK  ] Stopped target Network (Pre).
[  OK  ] Stopped Initial cloud-init job (pre-networking).
[  OK  ] Stopped target Local File Systems.
         Unmounting /vagrant...
         Unmounting /run/user/1000...
[  OK  ] Stopped Load Kernel Modules.
[  OK  ] Unmounted /run/user/1000.
[  OK  ] Unmounted /vagrant.
[  OK  ] Reached target Unmount All Filesystems.
[  OK  ] Stopped target Local File Systems (Pre).
[  OK  ] Stopped Create Static Device Nodes in /dev.
[  OK  ] Stopped Remount Root and Kernel File Systems.
[  OK  ] Reached target Shutdown.
[ 2977.616704] reboot: Power down
